<?xml version="1.0" encoding="UTF-8"?>
<testng-results skipped="0" failed="0" ignored="0" total="1" passed="1">
  <reporter-output>
  </reporter-output>
  <suite name="Suite" duration-ms="396" started-at="2018-01-02T05:48:43Z" finished-at="2018-01-02T05:48:44Z">
    <groups>
    </groups>
    <test name="Test" duration-ms="396" started-at="2018-01-02T05:48:43Z" finished-at="2018-01-02T05:48:44Z">
      <class name="test.testScripts.PaytmMall">
        <test-method status="PASS" signature="setUp(java.lang.String)[pri:0, instance:test.testScripts.PaytmMall@1ce92674]" name="setUp" is-config="true" duration-ms="6038" started-at="2018-01-02T11:18:37Z" finished-at="2018-01-02T11:18:43Z">
          <params>
            <param index="0">
              <value>
                <![CDATA[Chrome]]>
              </value>
            </param>
          </params>
          <reporter-output>
          </reporter-output>
        </test-method> <!-- setUp -->
        <test-method status="PASS" signature="beforeMethod(java.lang.reflect.Method)[pri:0, instance:test.testScripts.PaytmMall@1ce92674]" name="beforeMethod" is-config="true" duration-ms="28" started-at="2018-01-02T11:18:43Z" finished-at="2018-01-02T11:18:43Z">
          <params>
            <param index="0">
              <value>
                <![CDATA[public void test.testScripts.PaytmMall.search()]]>
              </value>
            </param>
          </params>
          <reporter-output>
          </reporter-output>
        </test-method> <!-- beforeMethod -->
        <test-method status="PASS" signature="search()[pri:0, instance:test.testScripts.PaytmMall@1ce92674]" name="search" duration-ms="178" started-at="2018-01-02T11:18:43Z" finished-at="2018-01-02T11:18:44Z">
          <reporter-output>
          </reporter-output>
        </test-method> <!-- search -->
        <test-method status="PASS" signature="afterMethod(org.testng.ITestResult)[pri:0, instance:test.testScripts.PaytmMall@1ce92674]" name="afterMethod" is-config="true" duration-ms="0" started-at="2018-01-02T11:18:44Z" finished-at="2018-01-02T11:18:44Z">
          <params>
            <param index="0">
              <value>
                <![CDATA[[TestResult name=search status=SUCCESS method=PaytmMall.search()[pri:0, instance:test.testScripts.PaytmMall@1ce92674] output={null}]]]>
              </value>
            </param>
          </params>
          <reporter-output>
          </reporter-output>
        </test-method> <!-- afterMethod -->
        <test-method status="PASS" signature="afterClass()[pri:0, instance:test.testScripts.PaytmMall@1ce92674]" name="afterClass" is-config="true" duration-ms="179" started-at="2018-01-02T11:18:44Z" finished-at="2018-01-02T11:18:44Z">
          <reporter-output>
          </reporter-output>
        </test-method> <!-- afterClass -->
        <test-method status="PASS" signature="tearDown()[pri:0, instance:test.testScripts.PaytmMall@1ce92674]" name="tearDown" is-config="true" duration-ms="733" started-at="2018-01-02T11:18:44Z" finished-at="2018-01-02T11:18:45Z">
          <reporter-output>
          </reporter-output>
        </test-method> <!-- tearDown -->
      </class> <!-- test.testScripts.PaytmMall -->
    </test> <!-- Test -->
  </suite> <!-- Suite -->
</testng-results>
